mode: set
github.com/faroshq/faros/pkg/util/cmp/cmp.go:14.58,23.2 2 0
github.com/faroshq/faros/pkg/util/cmp/cmp.go:25.52,26.26 1 1
github.com/faroshq/faros/pkg/util/cmp/cmp.go:30.2,30.19 1 1
github.com/faroshq/faros/pkg/util/cmp/cmp.go:26.26,28.3 1 1
github.com/faroshq/faros/pkg/util/cmp/cmp.go:33.41,34.26 1 0
github.com/faroshq/faros/pkg/util/cmp/cmp.go:38.2,38.22 1 0
github.com/faroshq/faros/pkg/util/cmp/cmp.go:34.26,36.3 1 0
github.com/faroshq/faros/pkg/util/dynamichelper/createorder.go:31.56,33.9 2 1
github.com/faroshq/faros/pkg/util/dynamichelper/createorder.go:37.2,38.9 2 1
github.com/faroshq/faros/pkg/util/dynamichelper/createorder.go:42.2,42.16 1 1
github.com/faroshq/faros/pkg/util/dynamichelper/createorder.go:33.9,35.3 1 1
github.com/faroshq/faros/pkg/util/dynamichelper/createorder.go:38.9,40.3 1 1
github.com/faroshq/faros/pkg/util/dynamichelper/dynamichelper.go:43.75,51.16 4 0
github.com/faroshq/faros/pkg/util/dynamichelper/dynamichelper.go:55.2,56.16 2 0
github.com/faroshq/faros/pkg/util/dynamichelper/dynamichelper.go:60.2,60.16 1 0
github.com/faroshq/faros/pkg/util/dynamichelper/dynamichelper.go:51.16,53.3 1 0
github.com/faroshq/faros/pkg/util/dynamichelper/dynamichelper.go:56.16,58.3 1 0
github.com/faroshq/faros/pkg/util/dynamichelper/dynamichelper.go:63.54,66.16 3 0
github.com/faroshq/faros/pkg/util/dynamichelper/dynamichelper.go:70.2,71.12 2 0
github.com/faroshq/faros/pkg/util/dynamichelper/dynamichelper.go:66.16,68.3 1 0
github.com/faroshq/faros/pkg/util/dynamichelper/dynamichelper.go:74.107,76.47 2 1
github.com/faroshq/faros/pkg/util/dynamichelper/dynamichelper.go:114.2,114.23 1 1
github.com/faroshq/faros/pkg/util/dynamichelper/dynamichelper.go:118.2,118.22 1 1
github.com/faroshq/faros/pkg/util/dynamichelper/dynamichelper.go:126.2,126.24 1 0
github.com/faroshq/faros/pkg/util/dynamichelper/dynamichelper.go:76.47,78.17 2 1
github.com/faroshq/faros/pkg/util/dynamichelper/dynamichelper.go:83.3,83.61 1 1
github.com/faroshq/faros/pkg/util/dynamichelper/dynamichelper.go:86.3,86.57 1 1
github.com/faroshq/faros/pkg/util/dynamichelper/dynamichelper.go:78.17,82.4 1 0
github.com/faroshq/faros/pkg/util/dynamichelper/dynamichelper.go:83.61,84.12 1 0
github.com/faroshq/faros/pkg/util/dynamichelper/dynamichelper.go:86.57,87.51 1 1
github.com/faroshq/faros/pkg/util/dynamichelper/dynamichelper.go:91.4,96.49 2 1
github.com/faroshq/faros/pkg/util/dynamichelper/dynamichelper.go:104.4,104.54 1 1
github.com/faroshq/faros/pkg/util/dynamichelper/dynamichelper.go:87.51,88.13 1 1
github.com/faroshq/faros/pkg/util/dynamichelper/dynamichelper.go:96.49,102.5 1 1
github.com/faroshq/faros/pkg/util/dynamichelper/dynamichelper.go:104.54,110.5 1 1
github.com/faroshq/faros/pkg/util/dynamichelper/dynamichelper.go:114.23,116.3 1 1
github.com/faroshq/faros/pkg/util/dynamichelper/dynamichelper.go:118.22,120.33 2 1
github.com/faroshq/faros/pkg/util/dynamichelper/dynamichelper.go:123.3,123.123 1 1
github.com/faroshq/faros/pkg/util/dynamichelper/dynamichelper.go:120.33,122.4 1 1
github.com/faroshq/faros/pkg/util/dynamichelper/dynamichelper.go:132.98,134.16 2 0
github.com/faroshq/faros/pkg/util/dynamichelper/dynamichelper.go:138.2,139.29 2 0
github.com/faroshq/faros/pkg/util/dynamichelper/dynamichelper.go:143.2,144.12 2 0
github.com/faroshq/faros/pkg/util/dynamichelper/dynamichelper.go:134.16,136.3 1 0
github.com/faroshq/faros/pkg/util/dynamichelper/dynamichelper.go:139.29,141.3 1 0
github.com/faroshq/faros/pkg/util/dynamichelper/dynamichelper.go:147.95,149.16 2 0
github.com/faroshq/faros/pkg/util/dynamichelper/dynamichelper.go:153.2,153.93 1 0
github.com/faroshq/faros/pkg/util/dynamichelper/dynamichelper.go:149.16,151.3 1 0
github.com/faroshq/faros/pkg/util/dynamichelper/dynamichelper.go:160.90,162.16 2 1
github.com/faroshq/faros/pkg/util/dynamichelper/dynamichelper.go:166.2,166.64 1 1
github.com/faroshq/faros/pkg/util/dynamichelper/dynamichelper.go:162.16,164.3 1 0
github.com/faroshq/faros/pkg/util/dynamichelper/dynamichelper.go:166.64,168.29 2 1
github.com/faroshq/faros/pkg/util/dynamichelper/dynamichelper.go:173.3,173.17 1 1
github.com/faroshq/faros/pkg/util/dynamichelper/dynamichelper.go:177.3,178.29 2 1
github.com/faroshq/faros/pkg/util/dynamichelper/dynamichelper.go:182.3,185.13 3 1
github.com/faroshq/faros/pkg/util/dynamichelper/dynamichelper.go:168.29,172.4 3 1
github.com/faroshq/faros/pkg/util/dynamichelper/dynamichelper.go:173.17,175.4 1 0
github.com/faroshq/faros/pkg/util/dynamichelper/dynamichelper.go:178.29,180.4 1 1
github.com/faroshq/faros/pkg/util/dynamichelper/dynamichelper.go:189.122,191.16 2 0
github.com/faroshq/faros/pkg/util/dynamichelper/dynamichelper.go:195.2,195.87 1 0
github.com/faroshq/faros/pkg/util/dynamichelper/dynamichelper.go:191.16,193.3 1 0
github.com/faroshq/faros/pkg/util/dynamichelper/dynamichelper.go:198.121,200.16 2 0
github.com/faroshq/faros/pkg/util/dynamichelper/dynamichelper.go:204.2,204.83 1 0
github.com/faroshq/faros/pkg/util/dynamichelper/dynamichelper.go:200.16,202.3 1 0
github.com/faroshq/faros/pkg/util/dynamichelper/dynamichelper.go:207.58,208.59 1 1
github.com/faroshq/faros/pkg/util/dynamichelper/dynamichelper.go:212.2,212.44 1 1
github.com/faroshq/faros/pkg/util/dynamichelper/dynamichelper.go:208.59,210.3 1 0
github.com/faroshq/faros/pkg/util/dynamichelper/dynamichelper.go:218.102,225.16 5 1
github.com/faroshq/faros/pkg/util/dynamichelper/dynamichelper.go:229.2,230.16 2 1
github.com/faroshq/faros/pkg/util/dynamichelper/dynamichelper.go:236.2,239.25 3 1
github.com/faroshq/faros/pkg/util/dynamichelper/dynamichelper.go:243.2,243.68 1 1
github.com/faroshq/faros/pkg/util/dynamichelper/dynamichelper.go:225.16,227.3 1 0
github.com/faroshq/faros/pkg/util/dynamichelper/dynamichelper.go:230.16,232.3 1 0
github.com/faroshq/faros/pkg/util/dynamichelper/dynamichelper.go:239.25,241.3 1 1
github.com/faroshq/faros/pkg/util/dynamichelper/dynamichelper.go:246.52,248.2 1 1
github.com/faroshq/faros/pkg/util/dynamichelper/dynamichelper.go:250.66,252.21 2 1
github.com/faroshq/faros/pkg/util/dynamichelper/dynamichelper.go:255.2,257.10 2 1
github.com/faroshq/faros/pkg/util/dynamichelper/dynamichelper.go:252.21,254.3 1 1
github.com/faroshq/faros/pkg/util/dynamichelper/workloadhelper.go:21.60,24.30 2 1
github.com/faroshq/faros/pkg/util/dynamichelper/workloadhelper.go:36.2,36.30 1 1
github.com/faroshq/faros/pkg/util/dynamichelper/workloadhelper.go:65.2,65.12 1 1
github.com/faroshq/faros/pkg/util/dynamichelper/workloadhelper.go:24.30,25.24 1 1
github.com/faroshq/faros/pkg/util/dynamichelper/workloadhelper.go:26.19,27.99 1 1
github.com/faroshq/faros/pkg/util/dynamichelper/workloadhelper.go:28.22,29.105 1 1
github.com/faroshq/faros/pkg/util/dynamichelper/workloadhelper.go:36.30,37.24 1 1
github.com/faroshq/faros/pkg/util/dynamichelper/workloadhelper.go:38.26,39.51 1 1
github.com/faroshq/faros/pkg/util/dynamichelper/workloadhelper.go:59.48,61.45 1 0
github.com/faroshq/faros/pkg/util/dynamichelper/workloadhelper.go:39.51,40.24 1 1
github.com/faroshq/faros/pkg/util/dynamichelper/workloadhelper.go:49.5,49.27 1 1
github.com/faroshq/faros/pkg/util/dynamichelper/workloadhelper.go:40.24,41.121 1 1
github.com/faroshq/faros/pkg/util/dynamichelper/workloadhelper.go:41.121,42.45 1 1
github.com/faroshq/faros/pkg/util/dynamichelper/workloadhelper.go:45.7,45.81 1 1
github.com/faroshq/faros/pkg/util/dynamichelper/workloadhelper.go:42.45,44.8 1 1
github.com/faroshq/faros/pkg/util/dynamichelper/workloadhelper.go:49.27,50.121 1 1
github.com/faroshq/faros/pkg/util/dynamichelper/workloadhelper.go:50.121,51.45 1 1
github.com/faroshq/faros/pkg/util/dynamichelper/workloadhelper.go:54.7,54.81 1 1
github.com/faroshq/faros/pkg/util/dynamichelper/workloadhelper.go:51.45,53.8 1 0
github.com/faroshq/faros/pkg/util/dynamichelper/workloadhelper.go:68.41,70.26 2 1
github.com/faroshq/faros/pkg/util/dynamichelper/workloadhelper.go:73.2,76.27 3 1
github.com/faroshq/faros/pkg/util/dynamichelper/workloadhelper.go:80.2,80.39 1 1
github.com/faroshq/faros/pkg/util/dynamichelper/workloadhelper.go:70.26,72.3 1 1
github.com/faroshq/faros/pkg/util/dynamichelper/workloadhelper.go:76.27,78.3 1 1
github.com/faroshq/faros/pkg/util/dynamichelper/workloadhelper.go:83.47,85.26 2 1
github.com/faroshq/faros/pkg/util/dynamichelper/workloadhelper.go:88.2,91.27 3 1
github.com/faroshq/faros/pkg/util/dynamichelper/workloadhelper.go:95.2,95.39 1 1
github.com/faroshq/faros/pkg/util/dynamichelper/workloadhelper.go:85.26,87.3 1 1
github.com/faroshq/faros/pkg/util/dynamichelper/workloadhelper.go:91.27,93.3 1 1
github.com/faroshq/faros/pkg/operator/controllers/network/condition.go:17.117,18.64 1 0
github.com/faroshq/faros/pkg/operator/controllers/network/condition.go:18.64,20.17 2 0
github.com/faroshq/faros/pkg/operator/controllers/network/condition.go:24.3,26.27 2 0
github.com/faroshq/faros/pkg/operator/controllers/network/condition.go:30.3,30.15 1 0
github.com/faroshq/faros/pkg/operator/controllers/network/condition.go:34.3,35.13 2 0
github.com/faroshq/faros/pkg/operator/controllers/network/condition.go:20.17,22.4 1 0
github.com/faroshq/faros/pkg/operator/controllers/network/condition.go:26.27,28.4 1 0
github.com/faroshq/faros/pkg/operator/controllers/network/condition.go:30.15,32.4 1 0
github.com/faroshq/faros/pkg/operator/controllers/network/condition.go:39.65,44.55 3 0
github.com/faroshq/faros/pkg/operator/controllers/network/condition.go:48.2,48.45 1 0
github.com/faroshq/faros/pkg/operator/controllers/network/condition.go:56.2,59.8 3 0
github.com/faroshq/faros/pkg/operator/controllers/network/condition.go:44.55,46.3 1 0
github.com/faroshq/faros/pkg/operator/controllers/network/condition.go:48.45,49.38 1 0
github.com/faroshq/faros/pkg/operator/controllers/network/condition.go:49.38,51.4 1 0
github.com/faroshq/faros/pkg/operator/controllers/network/condition.go:51.9,53.4 1 0
github.com/faroshq/faros/pkg/operator/controllers/network/network_controller.go:37.129,43.2 1 0
github.com/faroshq/faros/pkg/operator/controllers/network/network_controller.go:56.72,57.55 1 0
github.com/faroshq/faros/pkg/operator/controllers/network/network_controller.go:61.2,62.16 2 0
github.com/faroshq/faros/pkg/operator/controllers/network/network_controller.go:66.2,70.57 4 0
github.com/faroshq/faros/pkg/operator/controllers/network/network_controller.go:77.2,77.24 1 0
github.com/faroshq/faros/pkg/operator/controllers/network/network_controller.go:96.2,96.16 1 0
github.com/faroshq/faros/pkg/operator/controllers/network/network_controller.go:100.2,100.72 1 0
github.com/faroshq/faros/pkg/operator/controllers/network/network_controller.go:57.55,59.3 1 0
github.com/faroshq/faros/pkg/operator/controllers/network/network_controller.go:62.16,64.3 1 0
github.com/faroshq/faros/pkg/operator/controllers/network/network_controller.go:70.57,72.17 2 0
github.com/faroshq/faros/pkg/operator/controllers/network/network_controller.go:72.17,74.4 1 0
github.com/faroshq/faros/pkg/operator/controllers/network/network_controller.go:77.24,79.35 2 0
github.com/faroshq/faros/pkg/operator/controllers/network/network_controller.go:82.3,87.5 1 0
github.com/faroshq/faros/pkg/operator/controllers/network/network_controller.go:79.35,81.4 1 0
github.com/faroshq/faros/pkg/operator/controllers/network/network_controller.go:88.8,95.3 1 0
github.com/faroshq/faros/pkg/operator/controllers/network/network_controller.go:96.16,98.3 1 0
github.com/faroshq/faros/pkg/operator/controllers/network/network_controller.go:103.68,108.16 4 1
github.com/faroshq/faros/pkg/operator/controllers/network/network_controller.go:112.2,113.16 2 1
github.com/faroshq/faros/pkg/operator/controllers/network/network_controller.go:116.2,118.12 2 1
github.com/faroshq/faros/pkg/operator/controllers/network/network_controller.go:108.16,110.3 1 0
github.com/faroshq/faros/pkg/operator/controllers/network/network_controller.go:113.16,115.3 1 1
github.com/faroshq/faros/pkg/operator/controllers/network/network_controller.go:122.60,127.2 1 0
